<?xml version="1.0" encoding="UTF-8"?>
<!-- Generated by org.testng.reporters.JUnitXMLReporter -->
<testsuite hostname="xiaolanyun" name="搜索" tests="1" failures="1" timestamp="15 Apr 2019 01:03:57 GMT" time="41.776" errors="0">
  <testcase name="searchDemo" time="16.361" classname="com.xiaolanyun.appium.DataTest.testCase.search.SearchPage_001_SearchDemo_Test">
    <failure type="org.openqa.selenium.NoSuchElementException" message="An element could not be located on the page using the given search parameters. (WARNING: The server did not provide any stacktrace information)
Command duration or timeout: 16.35 seconds
For documentation on this error, please visit: http://seleniumhq.org/exceptions/no_such_element.html
Build info: version: &amp;apos;2.53.0&amp;apos;, revision: &amp;apos;35ae25b1534ae328c771e0856c93e187490ca824&amp;apos;, time: &amp;apos;2016-03-15 10:43:46&amp;apos;
System info: host: &amp;apos;xiaolanyun&amp;apos;, ip: &amp;apos;192.168.222.1&amp;apos;, os.name: &amp;apos;Windows 8.1&amp;apos;, os.arch: &amp;apos;amd64&amp;apos;, os.version: &amp;apos;6.3&amp;apos;, java.version: &amp;apos;1.7.0_80&amp;apos;
*** Element info: {Using=id, value=android:id/button2}
Session ID: 11ba8953-f9da-40be-9777-b804ff3d0816
Driver info: io.appium.java_client.android.AndroidDriver
Capabilities [{automationName=Appium, platform=LINUX, app=E:\java_workspace\DevOps_AppiumTest\res\app\android\bing.apk, javascriptEnabled=true, appActivity=com.microsoft.clients.bing.app.MainActivity, deviceModel=ZUK Z2131, networkConnectionEnabled=true, sessionOverride=true, desired={automationName=Appium, app=E:\java_workspace\DevOps_AppiumTest\res\app\android\bing.apk, platformVersion=6.0.1, deviceName=63a7b810, platformName=Android, appActivity=com.microsoft.clients.bing.app.MainActivity, unicodeKeyboard=true, sessionOverride=true, resetKeyboard=true, appPackage=com.microsoft.bing}, locationContextEnabled=false, deviceUDID=63a7b810, appPackage=com.microsoft.bing, platformVersion=6.0.1, databaseEnabled=false, deviceScreenSize=1080x1920, deviceName=63a7b810, platformName=Android, deviceManufacturer=ZUK, webStorageEnabled=false, unicodeKeyboard=true, resetKeyboard=true, warnings={}, takesScreenshot=true}]">
      <![CDATA[org.openqa.selenium.NoSuchElementException: An element could not be located on the page using the given search parameters. (WARNING: The server did not provide any stacktrace information)
Command duration or timeout: 16.35 seconds
For documentation on this error, please visit: http://seleniumhq.org/exceptions/no_such_element.html
Build info: version: '2.53.0', revision: '35ae25b1534ae328c771e0856c93e187490ca824', time: '2016-03-15 10:43:46'
System info: host: 'xiaolanyun', ip: '192.168.222.1', os.name: 'Windows 8.1', os.arch: 'amd64', os.version: '6.3', java.version: '1.7.0_80'
*** Element info: {Using=id, value=android:id/button2}
Session ID: 11ba8953-f9da-40be-9777-b804ff3d0816
Driver info: io.appium.java_client.android.AndroidDriver
Capabilities [{automationName=Appium, platform=LINUX, app=E:\java_workspace\DevOps_AppiumTest\res\app\android\bing.apk, javascriptEnabled=true, appActivity=com.microsoft.clients.bing.app.MainActivity, deviceModel=ZUK Z2131, networkConnectionEnabled=true, sessionOverride=true, desired={automationName=Appium, app=E:\java_workspace\DevOps_AppiumTest\res\app\android\bing.apk, platformVersion=6.0.1, deviceName=63a7b810, platformName=Android, appActivity=com.microsoft.clients.bing.app.MainActivity, unicodeKeyboard=true, sessionOverride=true, resetKeyboard=true, appPackage=com.microsoft.bing}, locationContextEnabled=false, deviceUDID=63a7b810, appPackage=com.microsoft.bing, platformVersion=6.0.1, databaseEnabled=false, deviceScreenSize=1080x1920, deviceName=63a7b810, platformName=Android, deviceManufacturer=ZUK, webStorageEnabled=false, unicodeKeyboard=true, resetKeyboard=true, warnings={}, takesScreenshot=true}]
	at org.openqa.selenium.remote.ErrorHandler.createThrowable(ErrorHandler.java:206)
	at org.openqa.selenium.remote.ErrorHandler.throwIfResponseFailed(ErrorHandler.java:158)
	at org.openqa.selenium.remote.RemoteWebDriver.execute(RemoteWebDriver.java:678)
	at io.appium.java_client.DefaultGenericMobileDriver.execute(DefaultGenericMobileDriver.java:42)
	at io.appium.java_client.AppiumDriver.execute(AppiumDriver.java:1)
	at io.appium.java_client.android.AndroidDriver.execute(AndroidDriver.java:1)
	at org.openqa.selenium.remote.RemoteWebDriver.findElement(RemoteWebDriver.java:363)
	at org.openqa.selenium.remote.RemoteWebDriver.findElementById(RemoteWebDriver.java:413)
	at io.appium.java_client.DefaultGenericMobileDriver.findElementById(DefaultGenericMobileDriver.java:62)
	at io.appium.java_client.AppiumDriver.findElementById(AppiumDriver.java:1)
	at io.appium.java_client.android.AndroidDriver.findElementById(AndroidDriver.java:1)
	at org.openqa.selenium.By$ById.findElement(By.java:218)
	at org.openqa.selenium.remote.RemoteWebDriver.findElement(RemoteWebDriver.java:355)
	at io.appium.java_client.DefaultGenericMobileDriver.findElement(DefaultGenericMobileDriver.java:52)
	at io.appium.java_client.AppiumDriver.findElement(AppiumDriver.java:1)
	at io.appium.java_client.android.AndroidDriver.findElement(AndroidDriver.java:1)
	at com.xiaolanyun.appium.DataTest.utils.AppiumUtil.findElement(AppiumUtil.java:92)
	at com.xiaolanyun.appium.DataTest.utils.AppiumUtil.doesElementsExist(AppiumUtil.java:435)
	at com.xiaolanyun.appium.DataTest.pagesHelper.InitPageHelper.clickIfButtonExist(InitPageHelper.java:29)
	at com.xiaolanyun.appium.DataTest.pagesHelper.InitPageHelper.handleInit(InitPageHelper.java:44)
	at com.xiaolanyun.appium.DataTest.testCase.search.SearchPage_001_SearchDemo_Test.searchDemo(SearchPage_001_SearchDemo_Test.java:24)
	at java.util.concurrent.FutureTask.run(FutureTask.java:262)
	at java.util.concurrent.ThreadPoolExecutor.runWorker(ThreadPoolExecutor.java:1145)
	at java.util.concurrent.ThreadPoolExecutor$Worker.run(ThreadPoolExecutor.java:615)
	at java.lang.Thread.run(Thread.java:745)
... Removed 20 stack frames]]>
    </failure>
  </testcase> <!-- searchDemo -->
</testsuite> <!-- 搜索 -->
