<?xml version="1.0" encoding="UTF-8"?>
<!-- Generated by org.testng.reporters.JUnitXMLReporter -->
<testsuite hostname="xiaolanyun" name="管理员界面切换" tests="1" failures="1" timestamp="19 Apr 2019 12:19:29 GMT" time="182.105" errors="0">
  <testcase name="checkLoginUI" time="38.653" classname="com.xiaolanyun.appium.DataTest.testCase.RootNavigation.RootNavigationPage_001_UICheckForRootLogin_Test">
    <failure type="org.openqa.selenium.NoSuchElementException" message="An element could not be located on the page using the given search parameters. (WARNING: The server did not provide any stacktrace information)
Command duration or timeout: 15.37 seconds
For documentation on this error, please visit: http://seleniumhq.org/exceptions/no_such_element.html
Build info: version: &amp;apos;2.53.0&amp;apos;, revision: &amp;apos;35ae25b1534ae328c771e0856c93e187490ca824&amp;apos;, time: &amp;apos;2016-03-15 10:43:46&amp;apos;
System info: host: &amp;apos;xiaolanyun&amp;apos;, ip: &amp;apos;66.183.240.6&amp;apos;, os.name: &amp;apos;Windows 8.1&amp;apos;, os.arch: &amp;apos;amd64&amp;apos;, os.version: &amp;apos;6.3&amp;apos;, java.version: &amp;apos;1.7.0_80&amp;apos;
*** Element info: {Using=id, value=com.example.xiaolanyun.ldmart:id/btn_login}
Session ID: 5eb0e112-2854-4ab4-83d8-aaf7eb570eef
Driver info: io.appium.java_client.android.AndroidDriver
Capabilities [{automationName=appium, platform=LINUX, app=E:\java_workspace\DevOps_AppiumTest\res\app\android\XiaoLanYunMart-v1.1.1-debug-2019-04-10-09-58.apk, javascriptEnabled=true, appActivity=com.example.xiaolanyun.mart.ui.SplashActivity, deviceModel=ZUK Z2131, networkConnectionEnabled=true, sessionOverride=true, desired={automationName=appium, app=E:\java_workspace\DevOps_AppiumTest\res\app\android\XiaoLanYunMart-v1.1.1-debug-2019-04-10-09-58.apk, platformVersion=6.0.1, deviceName=63a7b810, platformName=Android, appActivity=com.example.xiaolanyun.mart.ui.SplashActivity, unicodeKeyboard=true, sessionOverride=true, resetKeyboard=true, appPackage=com.example.xiaolanyun.ldmart}, locationContextEnabled=false, deviceUDID=63a7b810, appPackage=com.example.xiaolanyun.ldmart, platformVersion=6.0.1, databaseEnabled=false, deviceScreenSize=1080x1920, deviceName=63a7b810, platformName=Android, deviceManufacturer=ZUK, webStorageEnabled=false, unicodeKeyboard=true, resetKeyboard=true, warnings={}, takesScreenshot=true}]">
      <![CDATA[org.openqa.selenium.NoSuchElementException: An element could not be located on the page using the given search parameters. (WARNING: The server did not provide any stacktrace information)
Command duration or timeout: 15.37 seconds
For documentation on this error, please visit: http://seleniumhq.org/exceptions/no_such_element.html
Build info: version: '2.53.0', revision: '35ae25b1534ae328c771e0856c93e187490ca824', time: '2016-03-15 10:43:46'
System info: host: 'xiaolanyun', ip: '66.183.240.6', os.name: 'Windows 8.1', os.arch: 'amd64', os.version: '6.3', java.version: '1.7.0_80'
*** Element info: {Using=id, value=com.example.xiaolanyun.ldmart:id/btn_login}
Session ID: 5eb0e112-2854-4ab4-83d8-aaf7eb570eef
Driver info: io.appium.java_client.android.AndroidDriver
Capabilities [{automationName=appium, platform=LINUX, app=E:\java_workspace\DevOps_AppiumTest\res\app\android\XiaoLanYunMart-v1.1.1-debug-2019-04-10-09-58.apk, javascriptEnabled=true, appActivity=com.example.xiaolanyun.mart.ui.SplashActivity, deviceModel=ZUK Z2131, networkConnectionEnabled=true, sessionOverride=true, desired={automationName=appium, app=E:\java_workspace\DevOps_AppiumTest\res\app\android\XiaoLanYunMart-v1.1.1-debug-2019-04-10-09-58.apk, platformVersion=6.0.1, deviceName=63a7b810, platformName=Android, appActivity=com.example.xiaolanyun.mart.ui.SplashActivity, unicodeKeyboard=true, sessionOverride=true, resetKeyboard=true, appPackage=com.example.xiaolanyun.ldmart}, locationContextEnabled=false, deviceUDID=63a7b810, appPackage=com.example.xiaolanyun.ldmart, platformVersion=6.0.1, databaseEnabled=false, deviceScreenSize=1080x1920, deviceName=63a7b810, platformName=Android, deviceManufacturer=ZUK, webStorageEnabled=false, unicodeKeyboard=true, resetKeyboard=true, warnings={}, takesScreenshot=true}]
	at org.openqa.selenium.remote.ErrorHandler.createThrowable(ErrorHandler.java:206)
	at org.openqa.selenium.remote.ErrorHandler.throwIfResponseFailed(ErrorHandler.java:158)
	at org.openqa.selenium.remote.RemoteWebDriver.execute(RemoteWebDriver.java:678)
	at io.appium.java_client.DefaultGenericMobileDriver.execute(DefaultGenericMobileDriver.java:42)
	at io.appium.java_client.AppiumDriver.execute(AppiumDriver.java:1)
	at io.appium.java_client.android.AndroidDriver.execute(AndroidDriver.java:1)
	at org.openqa.selenium.remote.RemoteWebDriver.findElement(RemoteWebDriver.java:363)
	at org.openqa.selenium.remote.RemoteWebDriver.findElementById(RemoteWebDriver.java:413)
	at io.appium.java_client.DefaultGenericMobileDriver.findElementById(DefaultGenericMobileDriver.java:62)
	at io.appium.java_client.AppiumDriver.findElementById(AppiumDriver.java:1)
	at io.appium.java_client.android.AndroidDriver.findElementById(AndroidDriver.java:1)
	at org.openqa.selenium.By$ById.findElement(By.java:218)
	at org.openqa.selenium.remote.RemoteWebDriver.findElement(RemoteWebDriver.java:355)
	at io.appium.java_client.DefaultGenericMobileDriver.findElement(DefaultGenericMobileDriver.java:52)
	at io.appium.java_client.AppiumDriver.findElement(AppiumDriver.java:1)
	at io.appium.java_client.android.AndroidDriver.findElement(AndroidDriver.java:1)
	at com.xiaolanyun.appium.DataTest.utils.AppiumUtil.findElement(AppiumUtil.java:96)
	at com.xiaolanyun.appium.DataTest.utils.AppiumUtil.click(AppiumUtil.java:130)
	at com.xiaolanyun.appium.DataTest.pagesHelper.Mart_LoginPageHelper.clickForBuyerSellerLogin(Mart_LoginPageHelper.java:66)
	at com.xiaolanyun.appium.DataTest.testCase.RootNavigation.RootNavigationPage_001_UICheckForRootLogin_Test.checkLoginUI(RootNavigationPage_001_UICheckForRootLogin_Test.java:24)
	at java.util.concurrent.FutureTask.run(FutureTask.java:262)
	at java.util.concurrent.ThreadPoolExecutor.runWorker(ThreadPoolExecutor.java:1145)
	at java.util.concurrent.ThreadPoolExecutor$Worker.run(ThreadPoolExecutor.java:615)
	at java.lang.Thread.run(Thread.java:745)
... Removed 20 stack frames]]>
    </failure>
  </testcase> <!-- checkLoginUI -->
</testsuite> <!-- 管理员界面切换 -->
