<?xml version="1.0" encoding="UTF-8"?>
<testng-results skipped="0" failed="0" total="1" passed="1">
  <reporter-output>
  </reporter-output>
  <suite name="小烂云Mart单个用例" duration-ms="153194" started-at="2019-04-23T09:21:39Z" finished-at="2019-04-23T09:24:12Z">
    <groups>
    </groups>
    <test name="管理员登陆添加买家卖家账户并购买商品发货" duration-ms="153194" started-at="2019-04-23T09:21:39Z" finished-at="2019-04-23T09:24:12Z">
      <class name="com.xiaolanyun.appium.DataTest.testCase.RootAddUserAndBuyGoods.RootAddUserPage_001_UICheckForAddUserAndBuyGoods_Test">
        <test-method status="PASS" signature="initTest(org.testng.ITestContext)[pri:0, instance:com.xiaolanyun.appium.DataTest.testCase.RootAddUserAndBuyGoods.RootAddUserPage_001_UICheckForAddUserAndBuyGoods_Test@52ca6359]" name="initTest" is-config="true" duration-ms="11274" started-at="2019-04-23T17:21:39Z" finished-at="2019-04-23T17:21:50Z">
          <params>
            <param index="0">
              <value>
                <![CDATA[org.testng.TestRunner@6950694c]]>
              </value>
            </param>
          </params>
          <reporter-output>
          </reporter-output>
        </test-method> <!-- initTest -->
        <test-method status="PASS" signature="rootAddUser()[pri:0, instance:com.xiaolanyun.appium.DataTest.testCase.RootAddUserAndBuyGoods.RootAddUserPage_001_UICheckForAddUserAndBuyGoods_Test@52ca6359]" name="rootAddUser" duration-ms="141257" started-at="2019-04-23T17:21:50Z" finished-at="2019-04-23T17:24:11Z">
          <reporter-output>
          </reporter-output>
        </test-method> <!-- rootAddUser -->
        <test-method status="PASS" signature="clenTest()[pri:0, instance:com.xiaolanyun.appium.DataTest.testCase.RootAddUserAndBuyGoods.RootAddUserPage_001_UICheckForAddUserAndBuyGoods_Test@52ca6359]" name="clenTest" is-config="true" duration-ms="648" started-at="2019-04-23T17:24:11Z" finished-at="2019-04-23T17:24:12Z">
          <reporter-output>
          </reporter-output>
        </test-method> <!-- clenTest -->
      </class> <!-- com.xiaolanyun.appium.DataTest.testCase.RootAddUserAndBuyGoods.RootAddUserPage_001_UICheckForAddUserAndBuyGoods_Test -->
    </test> <!-- 管理员登陆添加买家卖家账户并购买商品发货 -->
  </suite> <!-- 小烂云Mart单个用例 -->
</testng-results>
