<?xml version="1.0" encoding="UTF-8"?>
<testng-results skipped="0" failed="1" total="1" passed="0">
  <reporter-output>
    <line>
      <![CDATA[result/screenshots/2019_04_16_11_11_08_checkUI.png]]>
    </line>
    <line>
      <![CDATA[<img src="../../result/screenshots/2019_04_16_11_11_08_checkUI.png"/>]]>
    </line>
    <line>
      <![CDATA[result/screenshots/2019_04_16_11_11_14_checkUI.png]]>
    </line>
    <line>
      <![CDATA[<img src="../../result/screenshots/2019_04_16_11_11_14_checkUI.png"/>]]>
    </line>
  </reporter-output>
  <suite name="小烂云Mart" duration-ms="21795" started-at="2019-04-16T03:10:55Z" finished-at="2019-04-16T03:11:17Z">
    <groups>
    </groups>
    <test name="管理员登陆" duration-ms="21795" started-at="2019-04-16T03:10:55Z" finished-at="2019-04-16T03:11:17Z">
      <class name="com.xiaolanyun.appium.DataTest.testCase.Login.LoginPage_001_UICheckForRootLogin_Test">
        <test-method status="PASS" signature="initTest(org.testng.ITestContext)[pri:0, instance:com.xiaolanyun.appium.DataTest.testCase.Login.LoginPage_001_UICheckForRootLogin_Test@71482d87]" name="initTest" is-config="true" duration-ms="10958" started-at="2019-04-16T11:10:55Z" finished-at="2019-04-16T11:11:06Z">
          <params>
            <param index="0">
              <value>
                <![CDATA[org.testng.TestRunner@3416249e]]>
              </value>
            </param>
          </params>
          <reporter-output>
          </reporter-output>
        </test-method> <!-- initTest -->
        <test-method status="FAIL" signature="checkUI()[pri:0, instance:com.xiaolanyun.appium.DataTest.testCase.Login.LoginPage_001_UICheckForRootLogin_Test@71482d87]" name="checkUI" duration-ms="9" started-at="2019-04-16T11:11:06Z" finished-at="2019-04-16T11:11:06Z">
          <exception class="java.lang.NullPointerException">
            <full-stacktrace>
              <![CDATA[java.lang.NullPointerException
	at com.xiaolanyun.appium.DataTest.utils.AppiumUtil.findElement(AppiumUtil.java:92)
	at com.xiaolanyun.appium.DataTest.utils.AppiumUtil.typeContent(AppiumUtil.java:116)
	at com.xiaolanyun.appium.DataTest.pagesHelper.Mart_LoginPageHelper.clickForRootLogin(Mart_LoginPageHelper.java:42)
	at com.xiaolanyun.appium.DataTest.testCase.Login.LoginPage_001_UICheckForRootLogin_Test.checkUI(LoginPage_001_UICheckForRootLogin_Test.java:25)
	at sun.reflect.NativeMethodAccessorImpl.invoke0(Native Method)
	at sun.reflect.NativeMethodAccessorImpl.invoke(NativeMethodAccessorImpl.java:57)
	at sun.reflect.DelegatingMethodAccessorImpl.invoke(DelegatingMethodAccessorImpl.java:43)
	at java.lang.reflect.Method.invoke(Method.java:606)
	at org.testng.internal.MethodInvocationHelper.invokeMethod(MethodInvocationHelper.java:86)
	at org.testng.internal.Invoker.invokeMethod(Invoker.java:643)
	at org.testng.internal.Invoker.invokeTestMethod(Invoker.java:820)
	at org.testng.internal.Invoker.invokeTestMethods(Invoker.java:1128)
	at org.testng.internal.TestMethodWorker.invokeTestMethods(TestMethodWorker.java:129)
	at org.testng.internal.TestMethodWorker.run(TestMethodWorker.java:112)
	at org.testng.TestRunner.privateRun(TestRunner.java:782)
	at org.testng.TestRunner.run(TestRunner.java:632)
	at org.testng.SuiteRunner.runTest(SuiteRunner.java:366)
	at org.testng.SuiteRunner.access$000(SuiteRunner.java:39)
	at org.testng.SuiteRunner$SuiteWorker.run(SuiteRunner.java:400)
	at org.testng.internal.thread.ThreadUtil$2.call(ThreadUtil.java:64)
	at java.util.concurrent.FutureTask.run(FutureTask.java:262)
	at java.util.concurrent.ThreadPoolExecutor.runWorker(ThreadPoolExecutor.java:1145)
	at java.util.concurrent.ThreadPoolExecutor$Worker.run(ThreadPoolExecutor.java:615)
	at java.lang.Thread.run(Thread.java:745)
]]>
            </full-stacktrace>
          </exception> <!-- java.lang.NullPointerException -->
          <reporter-output>
            <line>
              <![CDATA[result/screenshots/2019_04_16_11_11_08_checkUI.png]]>
            </line>
            <line>
              <![CDATA[<img src="../../result/screenshots/2019_04_16_11_11_08_checkUI.png"/>]]>
            </line>
            <line>
              <![CDATA[result/screenshots/2019_04_16_11_11_14_checkUI.png]]>
            </line>
            <line>
              <![CDATA[<img src="../../result/screenshots/2019_04_16_11_11_14_checkUI.png"/>]]>
            </line>
          </reporter-output>
        </test-method> <!-- checkUI -->
        <test-method status="PASS" signature="clenTest()[pri:0, instance:com.xiaolanyun.appium.DataTest.testCase.Login.LoginPage_001_UICheckForRootLogin_Test@71482d87]" name="clenTest" is-config="true" duration-ms="616" started-at="2019-04-16T11:11:17Z" finished-at="2019-04-16T11:11:17Z">
          <reporter-output>
          </reporter-output>
        </test-method> <!-- clenTest -->
      </class> <!-- com.xiaolanyun.appium.DataTest.testCase.Login.LoginPage_001_UICheckForRootLogin_Test -->
    </test> <!-- 管理员登陆 -->
  </suite> <!-- 小烂云Mart -->
</testng-results>
